
ASEM-51 V1.3                                         Copyright (c) 2002 by W.W. Heinz                                         PAGE 1





       MCS-51 Family Macro Assembler   A S E M - 5 1   V 1.3
       =====================================================



	Source File:	C:\Users\FHY HYUN\Documents\Tugas Assembly 2\Tugas Assembly 3\tugas 1.asm
	Object File:	C:\Users\FHY HYUN\Documents\Tugas Assembly 2\Tugas Assembly 3\tugas 1.hex
	List File:	C:\Users\FHY HYUN\Documents\Tugas Assembly 2\Tugas Assembly 3\tugas 1.lst



 Line  I  Addr  Code            Source

    1:		N      0000	org 0h
    2:
    3:				; Nama  : SHOFIYUN
    4:				; NIM   : 17041094
    5:				; Kelas : 4i
    6:
    7:	  0000			SHOFIYUN:
    8:	  0000	74 01		Mov A,#00000001b    ;isi A dengan 00000001b
    9:	  0002	7B 07		Mov R3,#7           ;isi R3 dengan 7 Bit ke 1 nilainya 0 akan di geser ke kiri 7 langkah oleh DEC R3
   10:
   11:	  0004			Kiri:
   12:
   13:				; R3 = 7 PO = #00000001b
   14:				; R3 = 6 PO = #00000010b
   15:				; R3 = 5 PO = #00000100b
   16:				; R3 = 4 PO = #00001000b
   17:				; R3 = 3 PO = #00010000b
   18:				; R3 = 2 PO = #00100000b
   19:				; R3 = 1 PO = #01000000b
   20:				; R3 = 0 PO = #10000000b
   21:
   22:	  0004	F5 80		Mov P0,A            ; copy A ke P0
   23:	  0006	11 1C		acall Delay         ; panggil sub rutine delay
   24:	  0008	23		RL A                ; data A diputar ke kiri
   25:	  0009	1B		DEC R3              ; data R3 dikurangi 1
   26:	  000A	BB 00 F7	CJNE R3,#0,Kiri     ; bandingkan R3 dengan 0, if NE jump kiri atau jika nilai R3 = 0 maka turun ke b
				aris mov R3,#0, jika R3 tidak sama dengan 0 maka loncat label kiri
   27:	  000D	7B 00		Mov R3,#0           ; nilai register R3 = 0
   28:
   29:	  000F			Kanan:
   30:
   31:				; R3 = 0 PO = #10000000b
   32:				; R3 = 1 PO = #01000000b
   33:				; R3 = 2 PO = #00100000b
   34:				; R3 = 3 PO = #00010000b
   35:				; R3 = 4 PO = #00001000b
   36:				; R3 = 5 PO = #00000100b
   37:				; R3 = 6 PO = #00000010b
   38:				; R3 = 7 PO = #00000001b
   39:
   40:	  000F	F5 80		Mov P0,A            ; P0 Menjadi 10000000b
   41:	  0011	11 1C		acall Delay         ; panggil sub rutine delay
   42:	  0013	03		RR A                ; data A diputar ke kanan

ASEM-51 V1.3                                         Copyright (c) 2002 by W.W. Heinz                                         PAGE 2



 Line  I  Addr  Code            Source

   43:	  0014	0B		INC R3              ; data R3 ditambah 1
   44:	  0015	BB 07 F7	CJNE R3,#7,Kanan    ; membandingkan R3 dengan 7 jika R3 = 7 maka akan memanggil delay. jika tidak ma
				ka akan memangil kanan sampai nilai R3 = 7
   45:	  0018	11 1C		acall delay
   46:	  001A	80 E4		sjmp SHOFIYUN
   47:
   48:
   49:	  001C	78 04		delay: mov r0,#4h      ; 4 kali ulang
   50:	  001E	79 FF		delay1: mov r1,#0ffh   ; 255 kali ulang
   51:	  0020	7A 00		delay2: mov r2,#0      ; 256 kali ulang
   52:	  0022	DA FE		djnz r2,$              ; 256 x 255 x 4 x 2 = 522240
   53:	  0024	D9 FA		djnz r1,delay2         ; 255 x 4 = 1020
   54:	  0026	D8 F6		djnz r0,delay1         ; 4 x 3 = 12
   55:				                       ; 522240 + 1020 + 12 = 523272 uS = 0,523 sekon
   56:	  0028	22		ret
   57:				end





                     register banks used:  ---

                     no errors




ASEM-51 V1.3                                         Copyright (c) 2002 by W.W. Heinz                                         PAGE 3





	       L I S T   O F   S Y M B O L S
	       =============================


SYMBOL				  TYPE     VALUE	LINE
------------------------------------------------------------
??ASEM_51			  NUMBER    8051
??VERSION			  NUMBER    0130
AC				  BIT	      D6
ACC				  DATA	      E0
B				  DATA	      F0
CY				  BIT	      D7
DELAY				  CODE	    001C	  49
DELAY1				  CODE	    001E	  50
DELAY2				  CODE	    0020	  51
DPH				  DATA	      83
DPL				  DATA	      82
EA				  BIT	      AF
ES				  BIT	      AC
ET0				  BIT	      A9
ET1				  BIT	      AB
EX0				  BIT	      A8
EX1				  BIT	      AA
EXTI0				  CODE	    0003
EXTI1				  CODE	    0013
F0				  BIT	      D5
IE				  DATA	      A8
IE0				  BIT	      89
IE1				  BIT	      8B
INT0				  BIT	      B2
INT1				  BIT	      B3
IP				  DATA	      B8
IT0				  BIT	      88
IT1				  BIT	      8A
KANAN				  CODE	    000F	  29
KIRI				  CODE	    0004	  11
OV				  BIT	      D2
P				  BIT	      D0
P0				  DATA	      80
P1				  DATA	      90
P2				  DATA	      A0
P3				  DATA	      B0
PCON				  DATA	      87
PS				  BIT	      BC
PSW				  DATA	      D0
PT0				  BIT	      B9
PT1				  BIT	      BB
PX0				  BIT	      B8
PX1				  BIT	      BA
RB8				  BIT	      9A
RD				  BIT	      B7
REN				  BIT	      9C
RESET				  CODE	    0000
RI				  BIT	      98
RS0				  BIT	      D3
RS1				  BIT	      D4

ASEM-51 V1.3                                         Copyright (c) 2002 by W.W. Heinz                                         PAGE 4



SYMBOL				  TYPE     VALUE	LINE
------------------------------------------------------------
RXD				  BIT	      B0
SBUF				  DATA	      99
SCON				  DATA	      98
SHOFIYUN			  CODE	    0000	   7
SINT				  CODE	    0023
SM0				  BIT	      9F
SM1				  BIT	      9E
SM2				  BIT	      9D
SP				  DATA	      81
T0				  BIT	      B4
T1				  BIT	      B5
TB8				  BIT	      9B
TCON				  DATA	      88
TF0				  BIT	      8D
TF1				  BIT	      8F
TH0				  DATA	      8C
TH1				  DATA	      8D
TI				  BIT	      99
TIMER0				  CODE	    000B
TIMER1				  CODE	    001B
TL0				  DATA	      8A
TL1				  DATA	      8B
TMOD				  DATA	      89
TR0				  BIT	      8C
TR1				  BIT	      8E
TXD				  BIT	      B1
WR				  BIT	      B6
